INFO:sim:172 - Generating IP...
Applying current project options...
Finished applying current project options.
WARNING:sim - A core named 'clks' already exists in the project. Output products
   for this core may be overwritten.
Resolving generics for 'clks'...
WARNING:sim - A core named 'clks' already exists in the project. Output products
   for this core may be overwritten.
Applying external generics to 'clks'...
Delivering associated files for 'clks'...
WARNING:sim - Component clk_wiz_v3_6 does not have a valid model name for VHDL
   synthesis
Delivering EJava files for 'clks'...
Delivered 3 files into directory
/home/chris/fpga/sdramcontroller/ipcore_dir/tmp/_cg/clks
Delivered 1 file into directory
/home/chris/fpga/sdramcontroller/ipcore_dir/tmp/_cg/clks
Generating ASY schematic symbol...
Loading device for application Rf_Device from file '6slx9.nph' in environment
/opt/Xilinx/14.6/ISE_DS/ISE/.
INFO:sim:949 - Finished generation of ASY schematic symbol.
Generating SYM schematic symbol for 'clks'...
Generating ISE project...
XCO file found: clks.xco
XMDF file found: clks_xmdf.tcl
Adding /home/chris/fpga/sdramcontroller/ipcore_dir/tmp/_cg/clks.asy -view all
-origin_type imported
Adding /home/chris/fpga/sdramcontroller/ipcore_dir/tmp/_cg/clks.ucf -view all
-origin_type created
Adding /home/chris/fpga/sdramcontroller/ipcore_dir/tmp/_cg/clks.vhd -view all
-origin_type created
INFO:HDLCompiler:1061 - Parsing VHDL file
   "/home/chris/fpga/sdramcontroller/ipcore_dir/tmp/_cg/clks.vhd" into library
   work
INFO:ProjectMgmt - Parsing design hierarchy completed successfully.
Adding /home/chris/fpga/sdramcontroller/ipcore_dir/tmp/_cg/clks.vho -view all
-origin_type imported
INFO:TclTasksC:2116 - The automatic calculation of top has been turned-off.
   Please set the new top explicitly by running the "project set top" command.
   To re-calculate the new top automatically, set the "Auto Implementation Top"
   property to true.
Top level has been set to "/clks"
Generating README file...
Generating FLIST file...
INFO:sim:948 - Finished FLIST file generation.
Launching README viewer...
Moving files to output directory...
Finished moving files to output directory
Wrote CGP file for project 'clks'.
